Build started 10/11/2014 12:11:57 AM.
     1>Project "C:\Users\weijin\Documents\GitHub\CanvasEngine0.3\CanvasEngine V_0.3\CanvasEngine V_0.3\CanvasEngine V_0.3.vcxproj" on node 2 (Build target(s)).
     1>ClCompile:
         C:\Program Files (x86)\Microsoft Visual Studio 11.0\VC\bin\CL.exe /c /ZI /nologo /W3 /WX- /sdl /Od /Oy- /D _MBCS /Gm /EHsc /RTC1 /MDd /GS /fp:precise /Zc:wchar_t /Zc:forScope /Fo"Debug\\" /Fd"Debug\vc110.pdb" /Gd /TP /analyze- /errorReport:prompt CVS_RenderProgram.cpp
         CVS_RenderProgram.cpp
         GLM: rotateZ function taking degrees as parameters is deprecated. #define GLM_FORCE_RADIANS before including GLM headers to remove this message.
     1>c:\users\weijin\documents\github\canvasengine0.3\canvasengine v_0.3\canvasengine v_0.3\cvs_rendersystem.h(77): warning C4099: 'Cvs_RenderSystem' : type name first seen using 'class' now seen using 'struct'
                 c:\users\weijin\documents\github\canvasengine0.3\canvasengine v_0.3\canvasengine v_0.3\canvassubsystem.h(19) : see declaration of 'Cvs_RenderSystem'
     1>c:\users\weijin\documents\github\canvasengine0.3\canvasengine v_0.3\canvasengine v_0.3\cvs_window.h(7): warning C4099: 'CVS_Window' : type name first seen using 'class' now seen using 'struct'
                 c:\users\weijin\documents\github\canvasengine0.3\canvasengine v_0.3\canvasengine v_0.3\cvs_rendersystem.h(9) : see declaration of 'CVS_Window'
     1>c:\users\weijin\documents\github\canvasengine0.3\canvasengine v_0.3\canvasengine v_0.3\cvs_renderprogram.cpp(113): warning C4244: 'argument' : conversion from 'int' to 'const float', possible loss of data
       Link:
         C:\Program Files (x86)\Microsoft Visual Studio 11.0\VC\bin\link.exe /ERRORREPORT:PROMPT /OUT:"C:\Users\weijin\Documents\GitHub\CanvasEngine0.3\CanvasEngine V_0.3\Debug\CanvasEngine V_0.3.exe" /INCREMENTAL /NOLOGO SDL2.lib SDL2main.lib SDL2_image.lib SDL2_ttf.lib glew32.lib opengl32.lib glu32.lib assimp.lib Dwmapi.lib libfbxsdk.lib kernel32.lib user32.lib gdi32.lib winspool.lib comdlg32.lib advapi32.lib shell32.lib ole32.lib oleaut32.lib uuid.lib odbc32.lib odbccp32.lib /MANIFEST /MANIFESTUAC:"level='asInvoker' uiAccess='false'" /manifest:embed /DEBUG /PDB:"C:\Users\weijin\Documents\GitHub\CanvasEngine0.3\CanvasEngine V_0.3\Debug\CanvasEngine V_0.3.pdb" /SUBSYSTEM:CONSOLE /TLBID:1 /DYNAMICBASE /NXCOMPAT /IMPLIB:"C:\Users\weijin\Documents\GitHub\CanvasEngine0.3\CanvasEngine V_0.3\Debug\CanvasEngine V_0.3.lib" /MACHINE:X86 Debug\Canvas.obj
         Debug\CanvasMain.obj
         Debug\CanvasSubSystem.obj
         Debug\CVS_GUI.obj
         Debug\CVS_RenderProgram.obj
         Debug\CVS_Window.obj
         Debug\Editor_GUI.obj
         Debug\RenderSystem.obj
         CanvasEngine V_0.3.vcxproj -> C:\Users\weijin\Documents\GitHub\CanvasEngine0.3\CanvasEngine V_0.3\Debug\CanvasEngine V_0.3.exe
     1>Done Building Project "C:\Users\weijin\Documents\GitHub\CanvasEngine0.3\CanvasEngine V_0.3\CanvasEngine V_0.3\CanvasEngine V_0.3.vcxproj" (Build target(s)).

Build succeeded.

Time Elapsed 00:00:03.57
